<?xml version="1.0" encoding="UTF-8"?>
<!-- Generated by org.testng.reporters.JUnitReportReporter -->
<testsuite hostname="DESKTOP-4J7IFI2" failures="0" tests="1" name="Sample.DemoClass" time="0.022" errors="0" timestamp="2023-08-03T19:30:28 IST" skipped="0">
  <testcase classname="Sample.DemoClass" name="sample" time="0.022"/>
  <system-out/>
</testsuite> <!-- Sample.DemoClass -->
