<?xml version="1.0" encoding="UTF-8"?>
<!-- Generated by org.testng.reporters.JUnitReportReporter -->
<testsuite hostname="DESKTOP-4J7IFI2" failures="0" tests="1" name="Vtiger.ContactTests.CreateContactwithOrgTest" time="150.267" errors="0" timestamp="2023-08-03T12:12:58 IST" skipped="0">
  <testcase classname="Vtiger.ContactTests.CreateContactwithOrgTest" name="createContactwithOrgTest" time="150.267"/>
  <system-out/>
</testsuite> <!-- Vtiger.ContactTests.CreateContactwithOrgTest -->
