<?xml version="1.0" encoding="UTF-8"?>
<!-- Generated by org.testng.reporters.JUnitReportReporter -->
<testsuite hostname="DESKTOP-4J7IFI2" failures="0" tests="1" name="Vtiger.baseclasses.CreateContact" time="55.901" errors="0" timestamp="2023-07-25T20:21:42 IST" skipped="0">
  <testcase classname="Vtiger.baseclasses.CreateContact" name="createContact" time="55.901"/>
  <system-out/>
</testsuite> <!-- Vtiger.baseclasses.CreateContact -->
