<?xml version="1.0" encoding="UTF-8"?>
<!-- Generated by org.testng.reporters.JUnitReportReporter -->
<testsuite hostname="DESKTOP-4J7IFI2" failures="0" tests="5" name="Vtiger.practice.TestNGPractice" time="0.042" errors="0" timestamp="2023-07-17T21:03:01 IST" skipped="0">
  <testcase classname="Vtiger.practice.TestNGPractice" name="deleteContact" time="0.024"/>
  <system-out/>
  <testcase classname="Vtiger.practice.TestNGPractice" name="deleteContact" time="0.005"/>
  <system-out/>
  <testcase classname="Vtiger.practice.TestNGPractice" name="modifyContact" time="0.003"/>
  <system-out/>
  <testcase classname="Vtiger.practice.TestNGPractice" name="createContact" time="0.004"/>
  <system-out/>
  <testcase classname="Vtiger.practice.TestNGPractice" name="createContact" time="0.006"/>
  <system-out/>
</testsuite> <!-- Vtiger.practice.TestNGPractice -->
