<?xml version="1.0" encoding="UTF-8"?>
<!-- Generated by org.testng.reporters.JUnitReportReporter -->
<testsuite hostname="DESKTOP-4J7IFI2" failures="0" tests="3" name="Vtiger.practice.TestDataProviderPractice" time="0.073" errors="0" timestamp="2023-07-18T20:22:57 IST" skipped="0">
  <testcase classname="Vtiger.practice.TestDataProviderPractice" name="addToCart" time="0.008"/>
  <system-out/>
  <testcase classname="Vtiger.practice.TestDataProviderPractice" name="addToCart" time="0.011"/>
  <system-out/>
  <testcase classname="Vtiger.practice.TestDataProviderPractice" name="addToCart" time="0.054"/>
  <system-out/>
</testsuite> <!-- Vtiger.practice.TestDataProviderPractice -->
