<?xml version="1.0" encoding="UTF-8"?>
<!-- Generated by org.testng.reporters.JUnitReportReporter -->
<testsuite hostname="DESKTOP-4J7IFI2" failures="0" tests="1" name="Vtiger.OrgTests.CreateOrgwithOrgwithInduAndTypeDrpdwnTest" time="125.906" errors="0" timestamp="2023-08-03T12:59:46 IST" skipped="0">
  <testcase classname="Vtiger.OrgTests.CreateOrgwithOrgwithInduAndTypeDrpdwnTest" name="createOrgWithIndusandTypeDrpdwnTest" time="125.906"/>
  <system-out/>
</testsuite> <!-- Vtiger.OrgTests.CreateOrgwithOrgwithInduAndTypeDrpdwnTest -->
