<?xml version="1.0" encoding="UTF-8"?>
<!-- Generated by org.testng.reporters.JUnitReportReporter -->
<testsuite hostname="DESKTOP-4J7IFI2" failures="0" tests="1" name="Vtiger.practice.ReadDataFromCmdLineTest" time="0.042" errors="0" timestamp="2023-08-01T20:06:20 IST" skipped="0">
  <testcase classname="Vtiger.practice.ReadDataFromCmdLineTest" name="read" time="0.042"/>
  <system-out/>
</testsuite> <!-- Vtiger.practice.ReadDataFromCmdLineTest -->
