<?xml version="1.0" encoding="UTF-8"?>
<!-- Generated by org.testng.reporters.JUnitReportReporter -->
<testsuite hostname="DESKTOP-4J7IFI2" failures="0" tests="1" name="Vtiger.CompaignTests.CreateCompaignwithProductTest" time="53.645" errors="0" timestamp="2023-08-03T12:09:19 IST" skipped="0">
  <testcase classname="Vtiger.CompaignTests.CreateCompaignwithProductTest" name="createCompaignWithProTest" time="53.645"/>
  <system-out/>
</testsuite> <!-- Vtiger.CompaignTests.CreateCompaignwithProductTest -->
