<?xml version="1.0" encoding="UTF-8"?>
<!-- Generated by org.testng.reporters.JUnitReportReporter -->
<testsuite hostname="DESKTOP-4J7IFI2" failures="0" tests="1" name="Vtiger.baseclasses.CreateCompaignwithProduct$CreateCompaignwithProductTest" time="54.287" errors="0" timestamp="2023-07-20T18:33:55 IST" skipped="0">
  <testcase classname="Vtiger.baseclasses.CreateCompaignwithProduct$CreateCompaignwithProductTest" name="createCompaignWithProTest" time="54.287"/>
  <system-out/>
</testsuite> <!-- Vtiger.baseclasses.CreateCompaignwithProduct$CreateCompaignwithProductTest -->
